Build started 4/14/2014 5:57:26 PM.
     1>Project "C:\Users\Thunder\Documents\GitHub\mpm-snow\Fluid3D-master\Fluid3D.vcxproj" on node 2 (build target(s)).
     1>InitializeBuildStatus:
         Creating "Release\Fluid3D.unsuccessfulbuild" because "AlwaysCreate" was specified.
       ClCompile:
         c:\Program Files (x86)\Microsoft Visual Studio 10.0\VC\bin\CL.exe /c /Zi /nologo /W3 /WX- /O2 /Ot /Oy- /GT /GL /D WIN32 /D _CRT_SECURE_NO_DEPRECATE /D USE_MKL_CBLAS /D USE_MKL_LAPACK /D _SCL_SECURE_NO_WARNINGS /Gm- /EHsc /MD /GS /fp:precise /Zc:wchar_t /Zc:forScope /Fo"Release\\" /Fd"Release\vc100.pdb" /Gd /TP /analyze- /errorReport:prompt fluidsim.cpp levelset_util.cpp main.cpp
         fluidsim.cpp
         levelset_util.cpp
         main.cpp
       Link:
         c:\Program Files (x86)\Microsoft Visual Studio 10.0\VC\bin\link.exe /ERRORREPORT:PROMPT /OUT:"C:\Users\Thunder\Documents\GitHub\mpm-snow\Fluid3D-master\Release\Fluid3D.exe" /NOLOGO kernel32.lib user32.lib gdi32.lib winspool.lib comdlg32.lib advapi32.lib shell32.lib ole32.lib oleaut32.lib uuid.lib odbc32.lib odbccp32.lib /MANIFEST /ManifestFile:"Release\Fluid3D.exe.intermediate.manifest" /MANIFESTUAC:"level='asInvoker' uiAccess='false'" /PDB:"C:\Users\Thunder\Documents\GitHub\mpm-snow\Fluid3D-master\Release\Fluid3D.pdb" /LTCG /TLBID:1 /DYNAMICBASE:NO /IMPLIB:"C:\Users\Thunder\Documents\GitHub\mpm-snow\Fluid3D-master\Release\Fluid3D.lib" /MACHINE:X86 Release\fluidsim.obj
         Release\levelset_util.obj
         Release\main.obj
         Generating code
         Finished generating code
         Fluid3D.vcxproj -> C:\Users\Thunder\Documents\GitHub\mpm-snow\Fluid3D-master\Release\Fluid3D.exe
       Manifest:
         c:\Program Files (x86)\Microsoft SDKs\Windows\v7.0A\bin\mt.exe /nologo /verbose /outputresource:"C:\Users\Thunder\Documents\GitHub\mpm-snow\Fluid3D-master\Release\Fluid3D.exe;#1" /manifest Release\Fluid3D.exe.intermediate.manifest
       FinalizeBuildStatus:
         Deleting file "Release\Fluid3D.unsuccessfulbuild".
         Touching "Release\Fluid3D.lastbuildstate".
     1>Done Building Project "C:\Users\Thunder\Documents\GitHub\mpm-snow\Fluid3D-master\Fluid3D.vcxproj" (build target(s)).

Build succeeded.

Time Elapsed 00:00:04.56
