C:\USERS\JUANJO\DOCUMENTS\GITHUB\MPM-SNOW\FLUID3D-MASTER\DEBUG\FLUID3D.EXE
C:\USERS\JUANJO\DOCUMENTS\GITHUB\MPM-SNOW\FLUID3D-MASTER\DEBUG\FLUID3D.EXE.INTERMEDIATE.MANIFEST
C:\USERS\JUANJO\DOCUMENTS\GITHUB\MPM-SNOW\FLUID3D-MASTER\DEBUG\FLUID3D.ILK
C:\USERS\JUANJO\DOCUMENTS\GITHUB\MPM-SNOW\FLUID3D-MASTER\DEBUG\FLUID3D.MAP
C:\USERS\JUANJO\DOCUMENTS\GITHUB\MPM-SNOW\FLUID3D-MASTER\DEBUG\FLUID3D.PDB
C:\USERS\JUANJO\DOCUMENTS\GITHUB\MPM-SNOW\FLUID3D-MASTER\DEBUG\FLUIDSIM.OBJ
C:\USERS\JUANJO\DOCUMENTS\GITHUB\MPM-SNOW\FLUID3D-MASTER\DEBUG\LEVELSET_UTIL.OBJ
C:\USERS\JUANJO\DOCUMENTS\GITHUB\MPM-SNOW\FLUID3D-MASTER\DEBUG\MAIN.OBJ
C:\USERS\JUANJO\DOCUMENTS\GITHUB\MPM-SNOW\FLUID3D-MASTER\DEBUG\VC100.PDB
C:\Users\Thunder\Documents\GitHub\mpm-snow\Fluid3D-master\Debug\cl.command.1.tlog
C:\Users\Thunder\Documents\GitHub\mpm-snow\Fluid3D-master\Debug\CL.read.1.tlog
C:\Users\Thunder\Documents\GitHub\mpm-snow\Fluid3D-master\Debug\CL.write.1.tlog
C:\USERS\THUNDER\DOCUMENTS\GITHUB\MPM-SNOW\FLUID3D-MASTER\DEBUG\FLUID3D.EXE
C:\USERS\THUNDER\DOCUMENTS\GITHUB\MPM-SNOW\FLUID3D-MASTER\DEBUG\FLUID3D.EXE.INTERMEDIATE.MANIFEST
C:\USERS\THUNDER\DOCUMENTS\GITHUB\MPM-SNOW\FLUID3D-MASTER\DEBUG\FLUID3D.ILK
C:\USERS\THUNDER\DOCUMENTS\GITHUB\MPM-SNOW\FLUID3D-MASTER\DEBUG\FLUID3D.MAP
C:\USERS\THUNDER\DOCUMENTS\GITHUB\MPM-SNOW\FLUID3D-MASTER\DEBUG\FLUID3D.PDB
C:\Users\Thunder\Documents\GitHub\mpm-snow\Fluid3D-master\Debug\Fluid3D.vcxprojResolveAssemblyReference.cache
C:\Users\Thunder\Documents\GitHub\mpm-snow\Fluid3D-master\Debug\Fluid3D.write.1.tlog
C:\USERS\THUNDER\DOCUMENTS\GITHUB\MPM-SNOW\FLUID3D-MASTER\DEBUG\FLUIDSIM.OBJ
C:\USERS\THUNDER\DOCUMENTS\GITHUB\MPM-SNOW\FLUID3D-MASTER\DEBUG\LEVELSET_UTIL.OBJ
C:\Users\Thunder\Documents\GitHub\mpm-snow\Fluid3D-master\Debug\link.command.1.tlog
C:\Users\Thunder\Documents\GitHub\mpm-snow\Fluid3D-master\Debug\link.read.1.tlog
C:\Users\Thunder\Documents\GitHub\mpm-snow\Fluid3D-master\Debug\link.write.1.tlog
C:\USERS\THUNDER\DOCUMENTS\GITHUB\MPM-SNOW\FLUID3D-MASTER\DEBUG\MAIN.OBJ
C:\Users\Thunder\Documents\GitHub\mpm-snow\Fluid3D-master\Debug\mt.command.1.tlog
C:\Users\Thunder\Documents\GitHub\mpm-snow\Fluid3D-master\Debug\mt.read.1.tlog
C:\Users\Thunder\Documents\GitHub\mpm-snow\Fluid3D-master\Debug\mt.write.1.tlog
C:\Users\Thunder\Documents\GitHub\mpm-snow\Fluid3D-master\Debug\vc100.idb
C:\USERS\THUNDER\DOCUMENTS\GITHUB\MPM-SNOW\FLUID3D-MASTER\DEBUG\VC100.PDB
