Build started 4/7/2014 12:32:33 PM.
     1>Project "C:\Users\Thunder\Documents\PhysicsBasedAnimation\Snow\SnowStarterKit\SmokeSim\SmokeSim\SmokeSim.vcxproj" on node 2 (build target(s)).
     1>InitializeBuildStatus:
         Creating "Release\SmokeSim.unsuccessfulbuild" because "AlwaysCreate" was specified.
       ClCompile:
         c:\Program Files (x86)\Microsoft Visual Studio 10.0\VC\bin\CL.exe /c /Zi /nologo /W3 /WX- /O2 /Oi /Oy- /GL /D _MBCS /Gm- /EHsc /MD /GS /Gy /fp:precise /Zc:wchar_t /Zc:forScope /Fo"Release\\" /Fd"Release\vc100.pdb" /Gd /TP /analyze- /errorReport:prompt SourceCode\basic_math.cpp SourceCode\camera.cpp SourceCode\constants.cpp SourceCode\fps.cpp SourceCode\grid_data.cpp SourceCode\mac_grid.cpp SourceCode\main.cpp SourceCode\smoke_sim.cpp SourceCode\vec.cpp
         basic_math.cpp
         camera.cpp
         constants.cpp
         fps.cpp
         grid_data.cpp
         mac_grid.cpp
         main.cpp
         smoke_sim.cpp
         vec.cpp
         c:\Program Files (x86)\Microsoft Visual Studio 10.0\VC\bin\CL.exe /c /Zi /nologo /W3 /WX- /O2 /Oi /Oy- /GL /D _MBCS /Gm- /EHsc /MD /GS /Gy /fp:precise /Zc:wchar_t /Zc:forScope /Fo"Release\\" /Fd"Release\vc100.pdb" /Gd /TC /analyze- /errorReport:prompt SourceCode\stb_image.c SourceCode\stb_image_write.c
         stb_image.c
         stb_image_write.c
       Link:
         c:\Program Files (x86)\Microsoft Visual Studio 10.0\VC\bin\link.exe /ERRORREPORT:PROMPT /OUT:"C:\Users\Thunder\Documents\PhysicsBasedAnimation\Snow\SnowStarterKit\SmokeSim\Release\SmokeSim.exe" /NOLOGO opengl32.lib glu32.lib glut32.lib kernel32.lib user32.lib gdi32.lib winspool.lib comdlg32.lib advapi32.lib shell32.lib ole32.lib oleaut32.lib uuid.lib odbc32.lib odbccp32.lib kernel32.lib user32.lib gdi32.lib winspool.lib comdlg32.lib advapi32.lib shell32.lib ole32.lib oleaut32.lib uuid.lib odbc32.lib odbccp32.lib /MANIFEST /ManifestFile:"Release\SmokeSim.exe.intermediate.manifest" /MANIFESTUAC:"level='asInvoker' uiAccess='false'" /DEBUG /PDB:"C:\Users\Thunder\Documents\PhysicsBasedAnimation\Snow\SnowStarterKit\SmokeSim\Release\SmokeSim.pdb" /OPT:REF /OPT:ICF /LTCG /TLBID:1 /DYNAMICBASE /NXCOMPAT /IMPLIB:"C:\Users\Thunder\Documents\PhysicsBasedAnimation\Snow\SnowStarterKit\SmokeSim\Release\SmokeSim.lib" /MACHINE:X86 Release\basic_math.obj
         Release\camera.obj
         Release\constants.obj
         Release\fps.obj
         Release\grid_data.obj
         Release\mac_grid.obj
         Release\main.obj
         Release\smoke_sim.obj
         Release\stb_image.obj
         Release\stb_image_write.obj
         Release\vec.obj
         Generating code
         Finished generating code
         SmokeSim.vcxproj -> C:\Users\Thunder\Documents\PhysicsBasedAnimation\Snow\SnowStarterKit\SmokeSim\Release\SmokeSim.exe
       Manifest:
         c:\Program Files (x86)\Microsoft SDKs\Windows\v7.0A\bin\mt.exe /nologo /verbose /outputresource:"C:\Users\Thunder\Documents\PhysicsBasedAnimation\Snow\SnowStarterKit\SmokeSim\Release\SmokeSim.exe;#1" /manifest Release\SmokeSim.exe.intermediate.manifest
       FinalizeBuildStatus:
         Deleting file "Release\SmokeSim.unsuccessfulbuild".
         Touching "Release\SmokeSim.lastbuildstate".
     1>Done Building Project "C:\Users\Thunder\Documents\PhysicsBasedAnimation\Snow\SnowStarterKit\SmokeSim\SmokeSim\SmokeSim.vcxproj" (build target(s)).

Build succeeded.

Time Elapsed 00:00:09.50
