C:\Users\Juanjo\Documents\GitHub\mpm-snow\Fluid3D-master\viewpls3D\Debug\cl.command.1.tlog
C:\Users\Juanjo\Documents\GitHub\mpm-snow\Fluid3D-master\viewpls3D\Debug\CL.read.1.tlog
C:\Users\Juanjo\Documents\GitHub\mpm-snow\Fluid3D-master\viewpls3D\Debug\CL.write.1.tlog
C:\Users\Juanjo\Documents\GitHub\mpm-snow\Fluid3D-master\viewpls3D\Debug\gluvi.obj
C:\Users\Juanjo\Documents\GitHub\mpm-snow\Fluid3D-master\viewpls3D\Debug\link.4996.read.1.tlog
C:\Users\Juanjo\Documents\GitHub\mpm-snow\Fluid3D-master\viewpls3D\Debug\link.4996.write.1.tlog
C:\Users\Juanjo\Documents\GitHub\mpm-snow\Fluid3D-master\viewpls3D\Debug\link.4996-cvtres.read.1.tlog
C:\Users\Juanjo\Documents\GitHub\mpm-snow\Fluid3D-master\viewpls3D\Debug\link.4996-cvtres.write.1.tlog
C:\Users\Juanjo\Documents\GitHub\mpm-snow\Fluid3D-master\viewpls3D\Debug\link.76568.read.1.tlog
C:\Users\Juanjo\Documents\GitHub\mpm-snow\Fluid3D-master\viewpls3D\Debug\link.76568.write.1.tlog
C:\Users\Juanjo\Documents\GitHub\mpm-snow\Fluid3D-master\viewpls3D\Debug\link.76568-cvtres.read.1.tlog
C:\Users\Juanjo\Documents\GitHub\mpm-snow\Fluid3D-master\viewpls3D\Debug\link.76568-cvtres.write.1.tlog
C:\Users\Juanjo\Documents\GitHub\mpm-snow\Fluid3D-master\viewpls3D\Debug\link.command.1.tlog
C:\Users\Juanjo\Documents\GitHub\mpm-snow\Fluid3D-master\viewpls3D\Debug\link.read.1.tlog
C:\Users\Juanjo\Documents\GitHub\mpm-snow\Fluid3D-master\viewpls3D\Debug\link.write.1.tlog
C:\Users\Juanjo\Documents\GitHub\mpm-snow\Fluid3D-master\viewpls3D\Debug\link-cvtres.read.1.tlog
C:\Users\Juanjo\Documents\GitHub\mpm-snow\Fluid3D-master\viewpls3D\Debug\link-cvtres.write.1.tlog
C:\Users\Juanjo\Documents\GitHub\mpm-snow\Fluid3D-master\viewpls3D\Debug\main.obj
C:\Users\Juanjo\Documents\GitHub\mpm-snow\Fluid3D-master\viewpls3D\Debug\mt.command.1.tlog
C:\Users\Juanjo\Documents\GitHub\mpm-snow\Fluid3D-master\viewpls3D\Debug\mt.read.1.tlog
C:\Users\Juanjo\Documents\GitHub\mpm-snow\Fluid3D-master\viewpls3D\Debug\mt.write.1.tlog
C:\Users\Juanjo\Documents\GitHub\mpm-snow\Fluid3D-master\viewpls3D\Debug\rc.command.1.tlog
C:\Users\Juanjo\Documents\GitHub\mpm-snow\Fluid3D-master\viewpls3D\Debug\rc.read.1.tlog
C:\Users\Juanjo\Documents\GitHub\mpm-snow\Fluid3D-master\viewpls3D\Debug\rc.write.1.tlog
C:\Users\Juanjo\Documents\GitHub\mpm-snow\Fluid3D-master\viewpls3D\Debug\vc100.idb
C:\Users\Juanjo\Documents\GitHub\mpm-snow\Fluid3D-master\viewpls3D\Debug\vc100.pdb
C:\Users\Juanjo\Documents\GitHub\mpm-snow\Fluid3D-master\viewpls3D\Debug\ViewFlip3D.ilk
C:\Users\Juanjo\Documents\GitHub\mpm-snow\Fluid3D-master\viewpls3D\Debug\ViewFlip3D.pdb
C:\Users\Juanjo\Documents\GitHub\mpm-snow\Fluid3D-master\viewpls3D\Debug\ViewFluid3D.exe
C:\Users\Juanjo\Documents\GitHub\mpm-snow\Fluid3D-master\viewpls3D\Debug\ViewFluid3D.exe.embed.manifest
C:\Users\Juanjo\Documents\GitHub\mpm-snow\Fluid3D-master\viewpls3D\Debug\ViewFluid3D.exe.embed.manifest.res
C:\Users\Juanjo\Documents\GitHub\mpm-snow\Fluid3D-master\viewpls3D\Debug\ViewFluid3D.exe.intermediate.manifest
C:\Users\Juanjo\Documents\GitHub\mpm-snow\Fluid3D-master\viewpls3D\Debug\ViewFluid3D.ilk
C:\Users\Juanjo\Documents\GitHub\mpm-snow\Fluid3D-master\viewpls3D\Debug\ViewFluid3D.vcxprojResolveAssemblyReference.cache
C:\Users\Juanjo\Documents\GitHub\mpm-snow\Fluid3D-master\viewpls3D\Debug\ViewFluid3D.write.1.tlog
C:\Users\Juanjo\Documents\GitHub\mpm-snow\Fluid3D-master\viewpls3D\Debug\ViewFluid3D_manifest.rc
C:\USERS\THUNDER\DOCUMENTS\GITHUB\MPM-SNOW\FLUID3D-MASTER\VIEWPLS3D\DEBUG\GLUVI.OBJ
C:\USERS\THUNDER\DOCUMENTS\GITHUB\MPM-SNOW\FLUID3D-MASTER\VIEWPLS3D\DEBUG\MAIN.OBJ
C:\USERS\THUNDER\DOCUMENTS\GITHUB\MPM-SNOW\FLUID3D-MASTER\VIEWPLS3D\DEBUG\VC100.PDB
C:\USERS\THUNDER\DOCUMENTS\GITHUB\MPM-SNOW\FLUID3D-MASTER\VIEWPLS3D\DEBUG\VIEWFLIP3D.PDB
C:\USERS\THUNDER\DOCUMENTS\GITHUB\MPM-SNOW\FLUID3D-MASTER\VIEWPLS3D\DEBUG\VIEWFLUID3D.EXE
C:\USERS\THUNDER\DOCUMENTS\GITHUB\MPM-SNOW\FLUID3D-MASTER\VIEWPLS3D\DEBUG\VIEWFLUID3D.EXE.EMBED.MANIFEST
C:\USERS\THUNDER\DOCUMENTS\GITHUB\MPM-SNOW\FLUID3D-MASTER\VIEWPLS3D\DEBUG\VIEWFLUID3D.EXE.EMBED.MANIFEST.RES
C:\USERS\THUNDER\DOCUMENTS\GITHUB\MPM-SNOW\FLUID3D-MASTER\VIEWPLS3D\DEBUG\VIEWFLUID3D.EXE.INTERMEDIATE.MANIFEST
C:\USERS\THUNDER\DOCUMENTS\GITHUB\MPM-SNOW\FLUID3D-MASTER\VIEWPLS3D\DEBUG\VIEWFLUID3D.ILK
Debug\ViewFluid3D.ilk
