Build started 4/14/2014 6:20:13 PM.
     1>Project "C:\Users\Thunder\Documents\GitHub\mpm-snow\Fluid3D-master\viewpls3D\ViewFluid3D.vcxproj" on node 2 (build target(s)).
     1>InitializeBuildStatus:
         Creating "Debug\ViewFluid3D.unsuccessfulbuild" because "AlwaysCreate" was specified.
       ClCompile:
         c:\Program Files (x86)\Microsoft Visual Studio 10.0\VC\bin\CL.exe /c /IC:\cbatty\Research\ImagerCVS\bridson\smoothmarching /I..\common /ZI /nologo /W3 /WX- /Od /Oy- /D WIN32 /D _DEBUG /D _CONSOLE /D _CRT_SECURE_NO_DEPRECATE /D _VC80_UPGRADE=0x0710 /D _MBCS /Gm /EHsc /RTC1 /MTd /GS /fp:precise /Zc:wchar_t /Zc:forScope /Fo"Debug\\" /Fd"Debug\vc100.pdb" /Gd /TP /analyze- /errorReport:prompt gluvi.cpp
         gluvi.cpp
       ManifestResourceCompile:
         All outputs are up-to-date.
       Link:
         c:\Program Files (x86)\Microsoft Visual Studio 10.0\VC\bin\link.exe /ERRORREPORT:PROMPT /OUT:"Debug\ViewFluid3D.exe" /INCREMENTAL /NOLOGO kernel32.lib user32.lib gdi32.lib winspool.lib comdlg32.lib advapi32.lib shell32.lib ole32.lib oleaut32.lib uuid.lib odbc32.lib odbccp32.lib /MANIFEST /ManifestFile:"Debug\ViewFluid3D.exe.intermediate.manifest" /MANIFESTUAC:"level='asInvoker' uiAccess='false'" /DEBUG /PDB:"Debug\ViewFlip3D.pdb" /SUBSYSTEM:CONSOLE /TLBID:1 /DYNAMICBASE:NO /IMPLIB:"Debug\ViewFluid3D.lib" /MACHINE:X86 Debug\ViewFluid3D.exe.embed.manifest.res
         Debug\gluvi.obj
         Debug\main.obj
       Manifest:
         c:\Program Files (x86)\Microsoft SDKs\Windows\v7.0A\bin\mt.exe /nologo /verbose /out:"Debug\ViewFluid3D.exe.embed.manifest" /manifest Debug\ViewFluid3D.exe.intermediate.manifest
         All outputs are up-to-date.
       LinkEmbedManifest:
         All outputs are up-to-date.
         ViewFluid3D.vcxproj -> C:\Users\Thunder\Documents\GitHub\mpm-snow\Fluid3D-master\viewpls3D\Debug\ViewFluid3D.exe
       FinalizeBuildStatus:
         Deleting file "Debug\ViewFluid3D.unsuccessfulbuild".
         Touching "Debug\ViewFluid3D.lastbuildstate".
     1>Done Building Project "C:\Users\Thunder\Documents\GitHub\mpm-snow\Fluid3D-master\viewpls3D\ViewFluid3D.vcxproj" (build target(s)).

Build succeeded.

Time Elapsed 00:00:01.12
